{"/Users/claudia.crisostomo/Documents/elvisp/lokalise-challenge/romaer-app-2/roamer-app/src/react-app-env.d.ts": {"path":"/Users/claudia.crisostomo/Documents/elvisp/lokalise-challenge/romaer-app-2/roamer-app/src/react-app-env.d.ts","statementMap":{},"fnMap":{},"branchMap":{},"s":{},"f":{},"b":{}}
,"/Users/claudia.crisostomo/Documents/elvisp/lokalise-challenge/romaer-app-2/roamer-app/src/components/app/index.tsx": {"path":"/Users/claudia.crisostomo/Documents/elvisp/lokalise-challenge/romaer-app-2/roamer-app/src/components/app/index.tsx","statementMap":{"0":{"start":{"line":22,"column":26},"end":{"line":38,"column":1}},"1":{"start":{"line":23,"column":18},"end":{"line":23,"column":53}},"2":{"start":{"line":24,"column":2},"end":{"line":37,"column":4}},"3":{"start":{"line":33,"column":35},"end":{"line":33,"column":121}},"4":{"start":{"line":40,"column":24},"end":{"line":43,"column":2}},"5":{"start":{"line":40,"column":62},"end":{"line":43,"column":1}}},"fnMap":{"0":{"name":"(anonymous_0)","decl":{"start":{"line":22,"column":26},"end":{"line":22,"column":27}},"loc":{"start":{"line":22,"column":61},"end":{"line":38,"column":1}},"line":22},"1":{"name":"(anonymous_1)","decl":{"start":{"line":33,"column":24},"end":{"line":33,"column":25}},"loc":{"start":{"line":33,"column":35},"end":{"line":33,"column":121}},"line":33},"2":{"name":"(anonymous_2)","decl":{"start":{"line":40,"column":24},"end":{"line":40,"column":25}},"loc":{"start":{"line":40,"column":62},"end":{"line":43,"column":1}},"line":40}},"branchMap":{"0":{"loc":{"start":{"line":22,"column":41},"end":{"line":22,"column":54}},"type":"default-arg","locations":[{"start":{"line":22,"column":52},"end":{"line":22,"column":54}}],"line":22},"1":{"loc":{"start":{"line":23,"column":18},"end":{"line":23,"column":53}},"type":"binary-expr","locations":[{"start":{"line":23,"column":18},"end":{"line":23,"column":28}},{"start":{"line":23,"column":32},"end":{"line":23,"column":53}}],"line":23},"2":{"loc":{"start":{"line":27,"column":7},"end":{"line":35,"column":7}},"type":"binary-expr","locations":[{"start":{"line":27,"column":7},"end":{"line":27,"column":15}},{"start":{"line":28,"column":8},"end":{"line":34,"column":14}}],"line":27}},"s":{"0":1,"1":2,"2":2,"3":1,"4":1,"5":2},"f":{"0":2,"1":1,"2":2},"b":{"0":[0],"1":[2,2],"2":[2,1]},"_coverageSchema":"1a1c01bbd47fc00a2c39e90264f33305004495a9","hash":"527cc5b3bae5889e39c2dfb89ba49ce5a83dafda"}
,"/Users/claudia.crisostomo/Documents/elvisp/lokalise-challenge/romaer-app-2/roamer-app/src/components/badge/index.tsx": {"path":"/Users/claudia.crisostomo/Documents/elvisp/lokalise-challenge/romaer-app-2/roamer-app/src/components/badge/index.tsx","statementMap":{"0":{"start":{"line":11,"column":30},"end":{"line":18,"column":1}},"1":{"start":{"line":12,"column":4},"end":{"line":17,"column":10}}},"fnMap":{"0":{"name":"(anonymous_0)","decl":{"start":{"line":11,"column":30},"end":{"line":11,"column":31}},"loc":{"start":{"line":12,"column":4},"end":{"line":17,"column":10}},"line":12}},"branchMap":{"0":{"loc":{"start":{"line":11,"column":50},"end":{"line":11,"column":65}},"type":"default-arg","locations":[{"start":{"line":11,"column":57},"end":{"line":11,"column":65}}],"line":11}},"s":{"0":3,"1":6},"f":{"0":6},"b":{"0":[0]},"_coverageSchema":"1a1c01bbd47fc00a2c39e90264f33305004495a9","hash":"648c0fa6aac28c4350b2e485afc6480d6256f0a1"}
,"/Users/claudia.crisostomo/Documents/elvisp/lokalise-challenge/romaer-app-2/roamer-app/src/components/button/index.tsx": {"path":"/Users/claudia.crisostomo/Documents/elvisp/lokalise-challenge/romaer-app-2/roamer-app/src/components/button/index.tsx","statementMap":{"0":{"start":{"line":12,"column":32},"end":{"line":18,"column":1}},"1":{"start":{"line":13,"column":4},"end":{"line":17,"column":13}}},"fnMap":{"0":{"name":"(anonymous_0)","decl":{"start":{"line":12,"column":32},"end":{"line":12,"column":33}},"loc":{"start":{"line":13,"column":4},"end":{"line":17,"column":13}},"line":13}},"branchMap":{},"s":{"0":4,"1":23},"f":{"0":23},"b":{},"_coverageSchema":"1a1c01bbd47fc00a2c39e90264f33305004495a9","hash":"71181c9b5d82b9199f2ccac2332865dcb7e34058"}
,"/Users/claudia.crisostomo/Documents/elvisp/lokalise-challenge/romaer-app-2/roamer-app/src/components/card/index.tsx": {"path":"/Users/claudia.crisostomo/Documents/elvisp/lokalise-challenge/romaer-app-2/roamer-app/src/components/card/index.tsx","statementMap":{"0":{"start":{"line":25,"column":28},"end":{"line":39,"column":1}},"1":{"start":{"line":26,"column":4},"end":{"line":38,"column":12}},"2":{"start":{"line":28,"column":28},"end":{"line":28,"column":57}},"3":{"start":{"line":41,"column":24},"end":{"line":43,"column":2}},"4":{"start":{"line":41,"column":63},"end":{"line":43,"column":1}}},"fnMap":{"0":{"name":"(anonymous_0)","decl":{"start":{"line":25,"column":28},"end":{"line":25,"column":29}},"loc":{"start":{"line":25,"column":82},"end":{"line":39,"column":1}},"line":25},"1":{"name":"(anonymous_1)","decl":{"start":{"line":28,"column":22},"end":{"line":28,"column":23}},"loc":{"start":{"line":28,"column":28},"end":{"line":28,"column":57}},"line":28},"2":{"name":"(anonymous_2)","decl":{"start":{"line":41,"column":24},"end":{"line":41,"column":25}},"loc":{"start":{"line":41,"column":63},"end":{"line":43,"column":1}},"line":41}},"branchMap":{},"s":{"0":3,"1":16,"2":0,"3":3,"4":16},"f":{"0":16,"1":0,"2":16},"b":{},"_coverageSchema":"1a1c01bbd47fc00a2c39e90264f33305004495a9","hash":"f14e2a7389882a7c10763a5c6068e86e714e9449"}
,"/Users/claudia.crisostomo/Documents/elvisp/lokalise-challenge/romaer-app-2/roamer-app/src/components/divider/index.tsx": {"path":"/Users/claudia.crisostomo/Documents/elvisp/lokalise-challenge/romaer-app-2/roamer-app/src/components/divider/index.tsx","statementMap":{"0":{"start":{"line":9,"column":34},"end":{"line":11,"column":1}},"1":{"start":{"line":10,"column":4},"end":{"line":10,"column":53}}},"fnMap":{"0":{"name":"(anonymous_0)","decl":{"start":{"line":9,"column":34},"end":{"line":9,"column":35}},"loc":{"start":{"line":10,"column":4},"end":{"line":10,"column":53}},"line":10}},"branchMap":{},"s":{"0":3,"1":4},"f":{"0":4},"b":{},"_coverageSchema":"1a1c01bbd47fc00a2c39e90264f33305004495a9","hash":"853ef7f0ed400b882613f2d5d0cc2c567f66002f"}
,"/Users/claudia.crisostomo/Documents/elvisp/lokalise-challenge/romaer-app-2/roamer-app/src/components/icons/icons.tsx": {"path":"/Users/claudia.crisostomo/Documents/elvisp/lokalise-challenge/romaer-app-2/roamer-app/src/components/icons/icons.tsx","statementMap":{"0":{"start":{"line":2,"column":22},"end":{"line":6,"column":10}},"1":{"start":{"line":3,"column":4},"end":{"line":6,"column":10}},"2":{"start":{"line":9,"column":24},"end":{"line":13,"column":10}},"3":{"start":{"line":10,"column":4},"end":{"line":13,"column":10}},"4":{"start":{"line":15,"column":25},"end":{"line":19,"column":10}},"5":{"start":{"line":16,"column":4},"end":{"line":19,"column":10}},"6":{"start":{"line":22,"column":27},"end":{"line":27,"column":10}},"7":{"start":{"line":23,"column":4},"end":{"line":27,"column":10}},"8":{"start":{"line":29,"column":24},"end":{"line":33,"column":10}},"9":{"start":{"line":30,"column":4},"end":{"line":33,"column":10}},"10":{"start":{"line":35,"column":26},"end":{"line":40,"column":10}},"11":{"start":{"line":36,"column":4},"end":{"line":40,"column":10}},"12":{"start":{"line":43,"column":24},"end":{"line":50,"column":10}},"13":{"start":{"line":44,"column":4},"end":{"line":50,"column":10}},"14":{"start":{"line":52,"column":25},"end":{"line":66,"column":10}},"15":{"start":{"line":53,"column":4},"end":{"line":66,"column":10}}},"fnMap":{"0":{"name":"(anonymous_0)","decl":{"start":{"line":2,"column":22},"end":{"line":2,"column":23}},"loc":{"start":{"line":3,"column":4},"end":{"line":6,"column":10}},"line":3},"1":{"name":"(anonymous_1)","decl":{"start":{"line":9,"column":24},"end":{"line":9,"column":25}},"loc":{"start":{"line":10,"column":4},"end":{"line":13,"column":10}},"line":10},"2":{"name":"(anonymous_2)","decl":{"start":{"line":15,"column":25},"end":{"line":15,"column":26}},"loc":{"start":{"line":16,"column":4},"end":{"line":19,"column":10}},"line":16},"3":{"name":"(anonymous_3)","decl":{"start":{"line":22,"column":27},"end":{"line":22,"column":28}},"loc":{"start":{"line":23,"column":4},"end":{"line":27,"column":10}},"line":23},"4":{"name":"(anonymous_4)","decl":{"start":{"line":29,"column":24},"end":{"line":29,"column":25}},"loc":{"start":{"line":30,"column":4},"end":{"line":33,"column":10}},"line":30},"5":{"name":"(anonymous_5)","decl":{"start":{"line":35,"column":26},"end":{"line":35,"column":27}},"loc":{"start":{"line":36,"column":4},"end":{"line":40,"column":10}},"line":36},"6":{"name":"(anonymous_6)","decl":{"start":{"line":43,"column":24},"end":{"line":43,"column":25}},"loc":{"start":{"line":44,"column":4},"end":{"line":50,"column":10}},"line":44},"7":{"name":"(anonymous_7)","decl":{"start":{"line":52,"column":25},"end":{"line":52,"column":26}},"loc":{"start":{"line":53,"column":4},"end":{"line":66,"column":10}},"line":53}},"branchMap":{},"s":{"0":4,"1":2,"2":4,"3":2,"4":4,"5":2,"6":4,"7":2,"8":4,"9":2,"10":4,"11":2,"12":4,"13":2,"14":4,"15":16},"f":{"0":2,"1":2,"2":2,"3":2,"4":2,"5":2,"6":2,"7":16},"b":{},"_coverageSchema":"1a1c01bbd47fc00a2c39e90264f33305004495a9","hash":"efd618280026b3f5f9bd1cde46c7fde62e804d0c"}
,"/Users/claudia.crisostomo/Documents/elvisp/lokalise-challenge/romaer-app-2/roamer-app/src/components/icons/index.tsx": {"path":"/Users/claudia.crisostomo/Documents/elvisp/lokalise-challenge/romaer-app-2/roamer-app/src/components/icons/index.tsx","statementMap":{"0":{"start":{"line":19,"column":30},"end":{"line":23,"column":1}},"1":{"start":{"line":20,"column":4},"end":{"line":22,"column":10}},"2":{"start":{"line":21,"column":38},"end":{"line":21,"column":47}},"3":{"start":{"line":25,"column":12},"end":{"line":51,"column":1}},"4":{"start":{"line":26,"column":4},"end":{"line":28,"column":5}},"5":{"start":{"line":27,"column":8},"end":{"line":27,"column":71}},"6":{"start":{"line":29,"column":4},"end":{"line":31,"column":5}},"7":{"start":{"line":30,"column":8},"end":{"line":30,"column":73}},"8":{"start":{"line":32,"column":4},"end":{"line":34,"column":5}},"9":{"start":{"line":33,"column":8},"end":{"line":33,"column":74}},"10":{"start":{"line":35,"column":4},"end":{"line":37,"column":5}},"11":{"start":{"line":36,"column":8},"end":{"line":36,"column":76}},"12":{"start":{"line":38,"column":4},"end":{"line":40,"column":5}},"13":{"start":{"line":39,"column":8},"end":{"line":39,"column":73}},"14":{"start":{"line":41,"column":4},"end":{"line":43,"column":5}},"15":{"start":{"line":42,"column":8},"end":{"line":42,"column":75}},"16":{"start":{"line":44,"column":4},"end":{"line":46,"column":5}},"17":{"start":{"line":45,"column":8},"end":{"line":45,"column":73}},"18":{"start":{"line":47,"column":4},"end":{"line":49,"column":5}},"19":{"start":{"line":48,"column":8},"end":{"line":48,"column":74}},"20":{"start":{"line":50,"column":4},"end":{"line":50,"column":17}}},"fnMap":{"0":{"name":"(anonymous_0)","decl":{"start":{"line":19,"column":30},"end":{"line":19,"column":31}},"loc":{"start":{"line":20,"column":4},"end":{"line":22,"column":10}},"line":20},"1":{"name":"(anonymous_1)","decl":{"start":{"line":21,"column":30},"end":{"line":21,"column":31}},"loc":{"start":{"line":21,"column":38},"end":{"line":21,"column":47}},"line":21},"2":{"name":"(anonymous_2)","decl":{"start":{"line":25,"column":12},"end":{"line":25,"column":13}},"loc":{"start":{"line":25,"column":30},"end":{"line":51,"column":1}},"line":25}},"branchMap":{"0":{"loc":{"start":{"line":21,"column":9},"end":{"line":21,"column":48}},"type":"binary-expr","locations":[{"start":{"line":21,"column":9},"end":{"line":21,"column":16}},{"start":{"line":21,"column":20},"end":{"line":21,"column":48}}],"line":21},"1":{"loc":{"start":{"line":26,"column":4},"end":{"line":28,"column":5}},"type":"if","locations":[{"start":{"line":26,"column":4},"end":{"line":28,"column":5}},{"start":{"line":26,"column":4},"end":{"line":28,"column":5}}],"line":26},"2":{"loc":{"start":{"line":29,"column":4},"end":{"line":31,"column":5}},"type":"if","locations":[{"start":{"line":29,"column":4},"end":{"line":31,"column":5}},{"start":{"line":29,"column":4},"end":{"line":31,"column":5}}],"line":29},"3":{"loc":{"start":{"line":32,"column":4},"end":{"line":34,"column":5}},"type":"if","locations":[{"start":{"line":32,"column":4},"end":{"line":34,"column":5}},{"start":{"line":32,"column":4},"end":{"line":34,"column":5}}],"line":32},"4":{"loc":{"start":{"line":35,"column":4},"end":{"line":37,"column":5}},"type":"if","locations":[{"start":{"line":35,"column":4},"end":{"line":37,"column":5}},{"start":{"line":35,"column":4},"end":{"line":37,"column":5}}],"line":35},"5":{"loc":{"start":{"line":38,"column":4},"end":{"line":40,"column":5}},"type":"if","locations":[{"start":{"line":38,"column":4},"end":{"line":40,"column":5}},{"start":{"line":38,"column":4},"end":{"line":40,"column":5}}],"line":38},"6":{"loc":{"start":{"line":41,"column":4},"end":{"line":43,"column":5}},"type":"if","locations":[{"start":{"line":41,"column":4},"end":{"line":43,"column":5}},{"start":{"line":41,"column":4},"end":{"line":43,"column":5}}],"line":41},"7":{"loc":{"start":{"line":44,"column":4},"end":{"line":46,"column":5}},"type":"if","locations":[{"start":{"line":44,"column":4},"end":{"line":46,"column":5}},{"start":{"line":44,"column":4},"end":{"line":46,"column":5}}],"line":44},"8":{"loc":{"start":{"line":47,"column":4},"end":{"line":49,"column":5}},"type":"if","locations":[{"start":{"line":47,"column":4},"end":{"line":49,"column":5}},{"start":{"line":47,"column":4},"end":{"line":49,"column":5}}],"line":47}},"s":{"0":4,"1":20,"2":37,"3":4,"4":37,"5":3,"6":34,"7":3,"8":31,"9":3,"10":28,"11":3,"12":25,"13":3,"14":22,"15":3,"16":19,"17":3,"18":16,"19":16,"20":0},"f":{"0":20,"1":37,"2":37},"b":{"0":[20,19],"1":[3,34],"2":[3,31],"3":[3,28],"4":[3,25],"5":[3,22],"6":[3,19],"7":[3,16],"8":[16,0]},"_coverageSchema":"1a1c01bbd47fc00a2c39e90264f33305004495a9","hash":"3dadddaf64e2d63c840a8704afa3ea97725ea5dd"}
,"/Users/claudia.crisostomo/Documents/elvisp/lokalise-challenge/romaer-app-2/roamer-app/src/components/label/index.tsx": {"path":"/Users/claudia.crisostomo/Documents/elvisp/lokalise-challenge/romaer-app-2/roamer-app/src/components/label/index.tsx","statementMap":{"0":{"start":{"line":11,"column":30},"end":{"line":23,"column":1}},"1":{"start":{"line":12,"column":4},"end":{"line":22,"column":11}}},"fnMap":{"0":{"name":"(anonymous_0)","decl":{"start":{"line":11,"column":30},"end":{"line":11,"column":31}},"loc":{"start":{"line":12,"column":4},"end":{"line":22,"column":11}},"line":12}},"branchMap":{},"s":{"0":4,"1":60},"f":{"0":60},"b":{},"_coverageSchema":"1a1c01bbd47fc00a2c39e90264f33305004495a9","hash":"93bc542e95f298f892b9b3ad651e6cb7fa625e4c"}
,"/Users/claudia.crisostomo/Documents/elvisp/lokalise-challenge/romaer-app-2/roamer-app/src/components/language/flags.tsx": {"path":"/Users/claudia.crisostomo/Documents/elvisp/lokalise-challenge/romaer-app-2/roamer-app/src/components/language/flags.tsx","statementMap":{"0":{"start":{"line":1,"column":33},"end":{"line":16,"column":1}},"1":{"start":{"line":2,"column":4},"end":{"line":15,"column":11}},"2":{"start":{"line":18,"column":26},"end":{"line":29,"column":1}},"3":{"start":{"line":19,"column":4},"end":{"line":28,"column":5}},"4":{"start":{"line":31,"column":25},"end":{"line":42,"column":1}},"5":{"start":{"line":32,"column":4},"end":{"line":41,"column":11}},"6":{"start":{"line":44,"column":30},"end":{"line":53,"column":1}},"7":{"start":{"line":45,"column":4},"end":{"line":52,"column":11}}},"fnMap":{"0":{"name":"(anonymous_0)","decl":{"start":{"line":1,"column":33},"end":{"line":1,"column":34}},"loc":{"start":{"line":1,"column":52},"end":{"line":16,"column":1}},"line":1},"1":{"name":"(anonymous_1)","decl":{"start":{"line":18,"column":26},"end":{"line":18,"column":27}},"loc":{"start":{"line":18,"column":45},"end":{"line":29,"column":1}},"line":18},"2":{"name":"(anonymous_2)","decl":{"start":{"line":31,"column":25},"end":{"line":31,"column":26}},"loc":{"start":{"line":31,"column":44},"end":{"line":42,"column":1}},"line":31},"3":{"name":"(anonymous_3)","decl":{"start":{"line":44,"column":30},"end":{"line":44,"column":31}},"loc":{"start":{"line":44,"column":49},"end":{"line":53,"column":1}},"line":44}},"branchMap":{},"s":{"0":4,"1":5,"2":4,"3":4,"4":4,"5":4,"6":4,"7":3},"f":{"0":5,"1":4,"2":4,"3":3},"b":{},"_coverageSchema":"1a1c01bbd47fc00a2c39e90264f33305004495a9","hash":"419cf1701d7f9c17da3115b5926561340470b59e"}
,"/Users/claudia.crisostomo/Documents/elvisp/lokalise-challenge/romaer-app-2/roamer-app/src/components/language/index.tsx": {"path":"/Users/claudia.crisostomo/Documents/elvisp/lokalise-challenge/romaer-app-2/roamer-app/src/components/language/index.tsx","statementMap":{"0":{"start":{"line":10,"column":36},"end":{"line":17,"column":1}},"1":{"start":{"line":11,"column":4},"end":{"line":16,"column":11}},"2":{"start":{"line":19,"column":16},"end":{"line":33,"column":1}},"3":{"start":{"line":20,"column":4},"end":{"line":22,"column":5}},"4":{"start":{"line":21,"column":8},"end":{"line":21,"column":84}},"5":{"start":{"line":23,"column":4},"end":{"line":25,"column":5}},"6":{"start":{"line":24,"column":8},"end":{"line":24,"column":76}},"7":{"start":{"line":26,"column":4},"end":{"line":28,"column":5}},"8":{"start":{"line":27,"column":8},"end":{"line":27,"column":77}},"9":{"start":{"line":29,"column":4},"end":{"line":31,"column":5}},"10":{"start":{"line":30,"column":8},"end":{"line":30,"column":81}},"11":{"start":{"line":32,"column":4},"end":{"line":32,"column":17}}},"fnMap":{"0":{"name":"(anonymous_0)","decl":{"start":{"line":10,"column":36},"end":{"line":10,"column":37}},"loc":{"start":{"line":11,"column":4},"end":{"line":16,"column":11}},"line":11},"1":{"name":"(anonymous_1)","decl":{"start":{"line":19,"column":16},"end":{"line":19,"column":17}},"loc":{"start":{"line":19,"column":34},"end":{"line":33,"column":1}},"line":19}},"branchMap":{"0":{"loc":{"start":{"line":20,"column":4},"end":{"line":22,"column":5}},"type":"if","locations":[{"start":{"line":20,"column":4},"end":{"line":22,"column":5}},{"start":{"line":20,"column":4},"end":{"line":22,"column":5}}],"line":20},"1":{"loc":{"start":{"line":23,"column":4},"end":{"line":25,"column":5}},"type":"if","locations":[{"start":{"line":23,"column":4},"end":{"line":25,"column":5}},{"start":{"line":23,"column":4},"end":{"line":25,"column":5}}],"line":23},"2":{"loc":{"start":{"line":26,"column":4},"end":{"line":28,"column":5}},"type":"if","locations":[{"start":{"line":26,"column":4},"end":{"line":28,"column":5}},{"start":{"line":26,"column":4},"end":{"line":28,"column":5}}],"line":26},"3":{"loc":{"start":{"line":29,"column":4},"end":{"line":31,"column":5}},"type":"if","locations":[{"start":{"line":29,"column":4},"end":{"line":31,"column":5}},{"start":{"line":29,"column":4},"end":{"line":31,"column":5}}],"line":29}},"s":{"0":4,"1":20,"2":4,"3":20,"4":6,"5":14,"6":5,"7":9,"8":5,"9":4,"10":4,"11":0},"f":{"0":20,"1":20},"b":{"0":[6,14],"1":[5,9],"2":[5,4],"3":[4,0]},"_coverageSchema":"1a1c01bbd47fc00a2c39e90264f33305004495a9","hash":"f3be35aeb7fe7afedbfb4d8e6fa9d9f1f57a573b"}
,"/Users/claudia.crisostomo/Documents/elvisp/lokalise-challenge/romaer-app-2/roamer-app/src/components/menu/index.tsx": {"path":"/Users/claudia.crisostomo/Documents/elvisp/lokalise-challenge/romaer-app-2/roamer-app/src/components/menu/index.tsx","statementMap":{"0":{"start":{"line":29,"column":28},"end":{"line":59,"column":1}},"1":{"start":{"line":37,"column":4},"end":{"line":58,"column":6}},"2":{"start":{"line":42,"column":31},"end":{"line":42,"column":43}},"3":{"start":{"line":48,"column":31},"end":{"line":48,"column":39}},"4":{"start":{"line":54,"column":31},"end":{"line":54,"column":41}},"5":{"start":{"line":61,"column":24},"end":{"line":68,"column":1}},"6":{"start":{"line":62,"column":18},"end":{"line":62,"column":34}},"7":{"start":{"line":63,"column":4},"end":{"line":67,"column":5}},"8":{"start":{"line":70,"column":27},"end":{"line":76,"column":2}},"9":{"start":{"line":72,"column":25},"end":{"line":76,"column":1}},"10":{"start":{"line":73,"column":22},"end":{"line":73,"column":47}},"11":{"start":{"line":74,"column":18},"end":{"line":74,"column":50}},"12":{"start":{"line":75,"column":20},"end":{"line":75,"column":53}}},"fnMap":{"0":{"name":"(anonymous_0)","decl":{"start":{"line":29,"column":28},"end":{"line":29,"column":29}},"loc":{"start":{"line":36,"column":6},"end":{"line":59,"column":1}},"line":36},"1":{"name":"(anonymous_1)","decl":{"start":{"line":42,"column":25},"end":{"line":42,"column":26}},"loc":{"start":{"line":42,"column":31},"end":{"line":42,"column":43}},"line":42},"2":{"name":"(anonymous_2)","decl":{"start":{"line":48,"column":25},"end":{"line":48,"column":26}},"loc":{"start":{"line":48,"column":31},"end":{"line":48,"column":39}},"line":48},"3":{"name":"(anonymous_3)","decl":{"start":{"line":54,"column":25},"end":{"line":54,"column":26}},"loc":{"start":{"line":54,"column":31},"end":{"line":54,"column":41}},"line":54},"4":{"name":"(anonymous_4)","decl":{"start":{"line":61,"column":24},"end":{"line":61,"column":25}},"loc":{"start":{"line":61,"column":62},"end":{"line":68,"column":1}},"line":61},"5":{"name":"(anonymous_5)","decl":{"start":{"line":70,"column":27},"end":{"line":70,"column":28}},"loc":{"start":{"line":72,"column":25},"end":{"line":76,"column":1}},"line":72},"6":{"name":"(anonymous_6)","decl":{"start":{"line":73,"column":16},"end":{"line":73,"column":17}},"loc":{"start":{"line":73,"column":22},"end":{"line":73,"column":47}},"line":73},"7":{"name":"(anonymous_7)","decl":{"start":{"line":74,"column":12},"end":{"line":74,"column":13}},"loc":{"start":{"line":74,"column":18},"end":{"line":74,"column":50}},"line":74},"8":{"name":"(anonymous_8)","decl":{"start":{"line":75,"column":14},"end":{"line":75,"column":15}},"loc":{"start":{"line":75,"column":20},"end":{"line":75,"column":53}},"line":75}},"branchMap":{},"s":{"0":2,"1":5,"2":0,"3":1,"4":1,"5":2,"6":5,"7":5,"8":2,"9":5,"10":0,"11":1,"12":1},"f":{"0":5,"1":0,"2":1,"3":1,"4":5,"5":5,"6":0,"7":1,"8":1},"b":{},"_coverageSchema":"1a1c01bbd47fc00a2c39e90264f33305004495a9","hash":"fc3acecd894d9ef036fae1293886172ce52b266c"}
,"/Users/claudia.crisostomo/Documents/elvisp/lokalise-challenge/romaer-app-2/roamer-app/src/components/modal/index.tsx": {"path":"/Users/claudia.crisostomo/Documents/elvisp/lokalise-challenge/romaer-app-2/roamer-app/src/components/modal/index.tsx","statementMap":{"0":{"start":{"line":9,"column":30},"end":{"line":15,"column":1}},"1":{"start":{"line":10,"column":4},"end":{"line":14,"column":11}}},"fnMap":{"0":{"name":"(anonymous_0)","decl":{"start":{"line":9,"column":30},"end":{"line":9,"column":31}},"loc":{"start":{"line":10,"column":4},"end":{"line":14,"column":11}},"line":10}},"branchMap":{},"s":{"0":3,"1":2},"f":{"0":2},"b":{},"_coverageSchema":"1a1c01bbd47fc00a2c39e90264f33305004495a9","hash":"4e67da88f67f0e45334950954d61d10ae2991aa9"}
,"/Users/claudia.crisostomo/Documents/elvisp/lokalise-challenge/romaer-app-2/roamer-app/src/components/progressbar/index.tsx": {"path":"/Users/claudia.crisostomo/Documents/elvisp/lokalise-challenge/romaer-app-2/roamer-app/src/components/progressbar/index.tsx","statementMap":{"0":{"start":{"line":9,"column":21},"end":{"line":9,"column":30}},"1":{"start":{"line":10,"column":24},"end":{"line":10,"column":33}},"2":{"start":{"line":11,"column":22},"end":{"line":11,"column":31}},"3":{"start":{"line":13,"column":42},"end":{"line":33,"column":1}},"4":{"start":{"line":14,"column":27},"end":{"line":18,"column":5}},"5":{"start":{"line":19,"column":26},"end":{"line":24,"column":5}},"6":{"start":{"line":26,"column":4},"end":{"line":32,"column":6}},"7":{"start":{"line":35,"column":17},"end":{"line":46,"column":1}},"8":{"start":{"line":36,"column":4},"end":{"line":38,"column":5}},"9":{"start":{"line":37,"column":8},"end":{"line":37,"column":28}},"10":{"start":{"line":39,"column":4},"end":{"line":41,"column":5}},"11":{"start":{"line":40,"column":8},"end":{"line":40,"column":31}},"12":{"start":{"line":42,"column":4},"end":{"line":44,"column":5}},"13":{"start":{"line":43,"column":8},"end":{"line":43,"column":29}},"14":{"start":{"line":45,"column":4},"end":{"line":45,"column":24}}},"fnMap":{"0":{"name":"(anonymous_0)","decl":{"start":{"line":13,"column":42},"end":{"line":13,"column":43}},"loc":{"start":{"line":13,"column":73},"end":{"line":33,"column":1}},"line":13},"1":{"name":"(anonymous_1)","decl":{"start":{"line":35,"column":17},"end":{"line":35,"column":18}},"loc":{"start":{"line":35,"column":41},"end":{"line":46,"column":1}},"line":35}},"branchMap":{"0":{"loc":{"start":{"line":36,"column":4},"end":{"line":38,"column":5}},"type":"if","locations":[{"start":{"line":36,"column":4},"end":{"line":38,"column":5}},{"start":{"line":36,"column":4},"end":{"line":38,"column":5}}],"line":36},"1":{"loc":{"start":{"line":36,"column":8},"end":{"line":36,"column":41}},"type":"binary-expr","locations":[{"start":{"line":36,"column":8},"end":{"line":36,"column":22}},{"start":{"line":36,"column":26},"end":{"line":36,"column":41}}],"line":36},"2":{"loc":{"start":{"line":39,"column":4},"end":{"line":41,"column":5}},"type":"if","locations":[{"start":{"line":39,"column":4},"end":{"line":41,"column":5}},{"start":{"line":39,"column":4},"end":{"line":41,"column":5}}],"line":39},"3":{"loc":{"start":{"line":39,"column":8},"end":{"line":39,"column":43}},"type":"binary-expr","locations":[{"start":{"line":39,"column":8},"end":{"line":39,"column":24}},{"start":{"line":39,"column":28},"end":{"line":39,"column":43}}],"line":39},"4":{"loc":{"start":{"line":42,"column":4},"end":{"line":44,"column":5}},"type":"if","locations":[{"start":{"line":42,"column":4},"end":{"line":44,"column":5}},{"start":{"line":42,"column":4},"end":{"line":44,"column":5}}],"line":42},"5":{"loc":{"start":{"line":42,"column":8},"end":{"line":42,"column":45}},"type":"binary-expr","locations":[{"start":{"line":42,"column":8},"end":{"line":42,"column":24}},{"start":{"line":42,"column":28},"end":{"line":42,"column":45}}],"line":42}},"s":{"0":4,"1":4,"2":4,"3":4,"4":23,"5":23,"6":23,"7":4,"8":23,"9":6,"10":17,"11":9,"12":8,"13":7,"14":1},"f":{"0":23,"1":23},"b":{"0":[6,17],"1":[23,22],"2":[9,8],"3":[17,16],"4":[7,1],"5":[8,7]},"_coverageSchema":"1a1c01bbd47fc00a2c39e90264f33305004495a9","hash":"40cff6d25ec6dab9f3b03364a718634c99247a29"}
,"/Users/claudia.crisostomo/Documents/elvisp/lokalise-challenge/romaer-app-2/roamer-app/src/components/project/index.tsx": {"path":"/Users/claudia.crisostomo/Documents/elvisp/lokalise-challenge/romaer-app-2/roamer-app/src/components/project/index.tsx","statementMap":{"0":{"start":{"line":38,"column":34},"end":{"line":103,"column":1}},"1":{"start":{"line":50,"column":8},"end":{"line":50,"column":13}},"2":{"start":{"line":51,"column":36},"end":{"line":51,"column":43}},"3":{"start":{"line":52,"column":31},"end":{"line":52,"column":63}},"4":{"start":{"line":53,"column":49},"end":{"line":53,"column":64}},"5":{"start":{"line":54,"column":54},"end":{"line":54,"column":66}},"6":{"start":{"line":56,"column":28},"end":{"line":58,"column":5}},"7":{"start":{"line":57,"column":8},"end":{"line":57,"column":33}},"8":{"start":{"line":59,"column":29},"end":{"line":61,"column":5}},"9":{"start":{"line":60,"column":8},"end":{"line":60,"column":34}},"10":{"start":{"line":62,"column":30},"end":{"line":68,"column":5}},"11":{"start":{"line":63,"column":8},"end":{"line":65,"column":11}},"12":{"start":{"line":66,"column":8},"end":{"line":66,"column":57}},"13":{"start":{"line":67,"column":8},"end":{"line":67,"column":27}},"14":{"start":{"line":69,"column":4},"end":{"line":102,"column":6}},"15":{"start":{"line":78,"column":87},"end":{"line":78,"column":251}},"16":{"start":{"line":78,"column":202},"end":{"line":78,"column":247}},"17":{"start":{"line":91,"column":53},"end":{"line":91,"column":80}},"18":{"start":{"line":106,"column":24},"end":{"line":116,"column":1}},"19":{"start":{"line":107,"column":18},"end":{"line":107,"column":37}},"20":{"start":{"line":108,"column":4},"end":{"line":115,"column":5}},"21":{"start":{"line":118,"column":27},"end":{"line":123,"column":2}},"22":{"start":{"line":120,"column":28},"end":{"line":123,"column":1}},"23":{"start":{"line":121,"column":81},"end":{"line":121,"column":123}},"24":{"start":{"line":122,"column":69},"end":{"line":122,"column":122}}},"fnMap":{"0":{"name":"(anonymous_0)","decl":{"start":{"line":38,"column":34},"end":{"line":38,"column":35}},"loc":{"start":{"line":38,"column":45},"end":{"line":103,"column":1}},"line":38},"1":{"name":"(anonymous_1)","decl":{"start":{"line":56,"column":28},"end":{"line":56,"column":29}},"loc":{"start":{"line":56,"column":40},"end":{"line":58,"column":5}},"line":56},"2":{"name":"(anonymous_2)","decl":{"start":{"line":59,"column":29},"end":{"line":59,"column":30}},"loc":{"start":{"line":59,"column":41},"end":{"line":61,"column":5}},"line":59},"3":{"name":"(anonymous_3)","decl":{"start":{"line":62,"column":30},"end":{"line":62,"column":31}},"loc":{"start":{"line":62,"column":42},"end":{"line":68,"column":5}},"line":62},"4":{"name":"(anonymous_4)","decl":{"start":{"line":78,"column":72},"end":{"line":78,"column":73}},"loc":{"start":{"line":78,"column":87},"end":{"line":78,"column":251}},"line":78},"5":{"name":"(anonymous_5)","decl":{"start":{"line":78,"column":196},"end":{"line":78,"column":197}},"loc":{"start":{"line":78,"column":202},"end":{"line":78,"column":247}},"line":78},"6":{"name":"(anonymous_6)","decl":{"start":{"line":91,"column":42},"end":{"line":91,"column":43}},"loc":{"start":{"line":91,"column":53},"end":{"line":91,"column":80}},"line":91},"7":{"name":"(anonymous_7)","decl":{"start":{"line":106,"column":24},"end":{"line":106,"column":25}},"loc":{"start":{"line":106,"column":65},"end":{"line":116,"column":1}},"line":106},"8":{"name":"(anonymous_8)","decl":{"start":{"line":118,"column":27},"end":{"line":118,"column":28}},"loc":{"start":{"line":120,"column":28},"end":{"line":123,"column":1}},"line":120},"9":{"name":"(anonymous_9)","decl":{"start":{"line":121,"column":26},"end":{"line":121,"column":27}},"loc":{"start":{"line":121,"column":81},"end":{"line":121,"column":123}},"line":121},"10":{"name":"(anonymous_10)","decl":{"start":{"line":122,"column":23},"end":{"line":122,"column":24}},"loc":{"start":{"line":122,"column":69},"end":{"line":122,"column":122}},"line":122}},"branchMap":{"0":{"loc":{"start":{"line":74,"column":13},"end":{"line":81,"column":20}},"type":"binary-expr","locations":[{"start":{"line":74,"column":13},"end":{"line":74,"column":23}},{"start":{"line":75,"column":16},"end":{"line":81,"column":19}}],"line":74},"1":{"loc":{"start":{"line":78,"column":25},"end":{"line":78,"column":252}},"type":"binary-expr","locations":[{"start":{"line":78,"column":25},"end":{"line":78,"column":44}},{"start":{"line":78,"column":48},"end":{"line":78,"column":252}}],"line":78},"2":{"loc":{"start":{"line":83,"column":13},"end":{"line":100,"column":13}},"type":"binary-expr","locations":[{"start":{"line":83,"column":13},"end":{"line":83,"column":27}},{"start":{"line":84,"column":16},"end":{"line":99,"column":24}}],"line":83}},"s":{"0":2,"1":3,"2":3,"3":3,"4":3,"5":3,"6":3,"7":1,"8":3,"9":0,"10":3,"11":0,"12":0,"13":0,"14":3,"15":15,"16":0,"17":0,"18":2,"19":2,"20":2,"21":2,"22":2,"23":0,"24":0},"f":{"0":3,"1":1,"2":0,"3":0,"4":15,"5":0,"6":0,"7":2,"8":2,"9":0,"10":0},"b":{"0":[3,3],"1":[3,1],"2":[3,1]},"_coverageSchema":"1a1c01bbd47fc00a2c39e90264f33305004495a9","hash":"4b316f4e0a68e60486c7a386f6657d52d4e19fc3"}
,"/Users/claudia.crisostomo/Documents/elvisp/lokalise-challenge/romaer-app-2/roamer-app/src/components/summary/index.tsx": {"path":"/Users/claudia.crisostomo/Documents/elvisp/lokalise-challenge/romaer-app-2/roamer-app/src/components/summary/index.tsx","statementMap":{"0":{"start":{"line":22,"column":34},"end":{"line":47,"column":1}},"1":{"start":{"line":23,"column":22},"end":{"line":23,"column":47}},"2":{"start":{"line":24,"column":4},"end":{"line":46,"column":6}},"3":{"start":{"line":43,"column":58},"end":{"line":43,"column":156}},"4":{"start":{"line":49,"column":24},"end":{"line":51,"column":2}},"5":{"start":{"line":49,"column":66},"end":{"line":51,"column":1}}},"fnMap":{"0":{"name":"(anonymous_0)","decl":{"start":{"line":22,"column":34},"end":{"line":22,"column":35}},"loc":{"start":{"line":22,"column":58},"end":{"line":47,"column":1}},"line":22},"1":{"name":"(anonymous_1)","decl":{"start":{"line":43,"column":49},"end":{"line":43,"column":50}},"loc":{"start":{"line":43,"column":58},"end":{"line":43,"column":156}},"line":43},"2":{"name":"(anonymous_2)","decl":{"start":{"line":49,"column":24},"end":{"line":49,"column":25}},"loc":{"start":{"line":49,"column":66},"end":{"line":51,"column":1}},"line":49}},"branchMap":{"0":{"loc":{"start":{"line":43,"column":17},"end":{"line":43,"column":157}},"type":"binary-expr","locations":[{"start":{"line":43,"column":17},"end":{"line":43,"column":26}},{"start":{"line":43,"column":30},"end":{"line":43,"column":157}}],"line":43}},"s":{"0":2,"1":2,"2":2,"3":4,"4":2,"5":2},"f":{"0":2,"1":4,"2":2},"b":{"0":[2,2]},"_coverageSchema":"1a1c01bbd47fc00a2c39e90264f33305004495a9","hash":"b7710c7aae1be7eb6f3e5478862116da38220a89"}
,"/Users/claudia.crisostomo/Documents/elvisp/lokalise-challenge/romaer-app-2/roamer-app/src/redux/appState.ts": {"path":"/Users/claudia.crisostomo/Documents/elvisp/lokalise-challenge/romaer-app-2/roamer-app/src/redux/appState.ts","statementMap":{},"fnMap":{},"branchMap":{},"s":{},"f":{},"b":{}}
,"/Users/claudia.crisostomo/Documents/elvisp/lokalise-challenge/romaer-app-2/roamer-app/src/redux/fetch.ts": {"path":"/Users/claudia.crisostomo/Documents/elvisp/lokalise-challenge/romaer-app-2/roamer-app/src/redux/fetch.ts","statementMap":{"0":{"start":{"line":13,"column":29},"end":{"line":18,"column":1}},"1":{"start":{"line":14,"column":4},"end":{"line":17,"column":6}},"2":{"start":{"line":15,"column":8},"end":{"line":15,"column":59}},"3":{"start":{"line":16,"column":8},"end":{"line":16,"column":33}},"4":{"start":{"line":30,"column":28},"end":{"line":47,"column":1}},"5":{"start":{"line":31,"column":4},"end":{"line":46,"column":6}},"6":{"start":{"line":32,"column":36},"end":{"line":32,"column":71}},"7":{"start":{"line":33,"column":21},"end":{"line":33,"column":112}},"8":{"start":{"line":34,"column":8},"end":{"line":43,"column":12}},"9":{"start":{"line":35,"column":12},"end":{"line":42,"column":14}},"10":{"start":{"line":44,"column":8},"end":{"line":44,"column":70}},"11":{"start":{"line":45,"column":8},"end":{"line":45,"column":33}},"12":{"start":{"line":60,"column":33},"end":{"line":65,"column":1}},"13":{"start":{"line":61,"column":4},"end":{"line":64,"column":6}},"14":{"start":{"line":62,"column":8},"end":{"line":62,"column":68}},"15":{"start":{"line":63,"column":8},"end":{"line":63,"column":33}}},"fnMap":{"0":{"name":"(anonymous_0)","decl":{"start":{"line":13,"column":29},"end":{"line":13,"column":30}},"loc":{"start":{"line":13,"column":79},"end":{"line":18,"column":1}},"line":13},"1":{"name":"(anonymous_1)","decl":{"start":{"line":14,"column":11},"end":{"line":14,"column":12}},"loc":{"start":{"line":14,"column":23},"end":{"line":17,"column":5}},"line":14},"2":{"name":"(anonymous_2)","decl":{"start":{"line":30,"column":28},"end":{"line":30,"column":29}},"loc":{"start":{"line":30,"column":127},"end":{"line":47,"column":1}},"line":30},"3":{"name":"(anonymous_3)","decl":{"start":{"line":31,"column":11},"end":{"line":31,"column":12}},"loc":{"start":{"line":31,"column":23},"end":{"line":46,"column":5}},"line":31},"4":{"name":"(anonymous_4)","decl":{"start":{"line":34,"column":50},"end":{"line":34,"column":51}},"loc":{"start":{"line":34,"column":62},"end":{"line":43,"column":9}},"line":34},"5":{"name":"(anonymous_5)","decl":{"start":{"line":60,"column":33},"end":{"line":60,"column":34}},"loc":{"start":{"line":60,"column":123},"end":{"line":65,"column":1}},"line":60},"6":{"name":"(anonymous_6)","decl":{"start":{"line":61,"column":11},"end":{"line":61,"column":12}},"loc":{"start":{"line":61,"column":23},"end":{"line":64,"column":5}},"line":61}},"branchMap":{"0":{"loc":{"start":{"line":33,"column":21},"end":{"line":33,"column":112}},"type":"cond-expr","locations":[{"start":{"line":33,"column":54},"end":{"line":33,"column":108}},{"start":{"line":33,"column":111},"end":{"line":33,"column":112}}],"line":33}},"s":{"0":3,"1":0,"2":0,"3":0,"4":3,"5":0,"6":0,"7":0,"8":0,"9":0,"10":0,"11":0,"12":3,"13":0,"14":0,"15":0},"f":{"0":0,"1":0,"2":0,"3":0,"4":0,"5":0,"6":0},"b":{"0":[0,0]},"_coverageSchema":"1a1c01bbd47fc00a2c39e90264f33305004495a9","hash":"1ed8f9192a94656b985d049b36084c68c89586c0"}
,"/Users/claudia.crisostomo/Documents/elvisp/lokalise-challenge/romaer-app-2/roamer-app/src/redux/initialState.ts": {"path":"/Users/claudia.crisostomo/Documents/elvisp/lokalise-challenge/romaer-app-2/roamer-app/src/redux/initialState.ts","statementMap":{"0":{"start":{"line":3,"column":48},"end":{"line":7,"column":1}},"1":{"start":{"line":9,"column":47},"end":{"line":31,"column":1}},"2":{"start":{"line":33,"column":55},"end":{"line":46,"column":1}},"3":{"start":{"line":48,"column":49},"end":{"line":173,"column":1}},"4":{"start":{"line":175,"column":41},"end":{"line":182,"column":1}},"5":{"start":{"line":184,"column":52},"end":{"line":204,"column":1}}},"fnMap":{},"branchMap":{},"s":{"0":5,"1":5,"2":5,"3":5,"4":5,"5":5},"f":{},"b":{},"_coverageSchema":"1a1c01bbd47fc00a2c39e90264f33305004495a9","hash":"3ad6165af1c95d9510616af144044ac923347e2d"}
,"/Users/claudia.crisostomo/Documents/elvisp/lokalise-challenge/romaer-app-2/roamer-app/src/redux/localStorage.ts": {"path":"/Users/claudia.crisostomo/Documents/elvisp/lokalise-challenge/romaer-app-2/roamer-app/src/redux/localStorage.ts","statementMap":{"0":{"start":{"line":2,"column":12},"end":{"line":2,"column":19}},"1":{"start":{"line":4,"column":25},"end":{"line":12,"column":1}},"2":{"start":{"line":5,"column":4},"end":{"line":11,"column":5}},"3":{"start":{"line":6,"column":32},"end":{"line":6,"column":57}},"4":{"start":{"line":7,"column":8},"end":{"line":7,"column":82}},"5":{"start":{"line":9,"column":8},"end":{"line":9,"column":69}},"6":{"start":{"line":10,"column":8},"end":{"line":10,"column":25}},"7":{"start":{"line":14,"column":25},"end":{"line":21,"column":1}},"8":{"start":{"line":15,"column":4},"end":{"line":20,"column":5}},"9":{"start":{"line":16,"column":32},"end":{"line":16,"column":53}},"10":{"start":{"line":17,"column":8},"end":{"line":17,"column":51}},"11":{"start":{"line":19,"column":8},"end":{"line":19,"column":66}}},"fnMap":{"0":{"name":"(anonymous_0)","decl":{"start":{"line":4,"column":25},"end":{"line":4,"column":26}},"loc":{"start":{"line":4,"column":41},"end":{"line":12,"column":1}},"line":4},"1":{"name":"(anonymous_1)","decl":{"start":{"line":14,"column":25},"end":{"line":14,"column":26}},"loc":{"start":{"line":14,"column":46},"end":{"line":21,"column":1}},"line":14}},"branchMap":{"0":{"loc":{"start":{"line":7,"column":15},"end":{"line":7,"column":81}},"type":"cond-expr","locations":[{"start":{"line":7,"column":42},"end":{"line":7,"column":69}},{"start":{"line":7,"column":72},"end":{"line":7,"column":81}}],"line":7}},"s":{"0":0,"1":0,"2":0,"3":0,"4":0,"5":0,"6":0,"7":0,"8":0,"9":0,"10":0,"11":0},"f":{"0":0,"1":0},"b":{"0":[0,0]}}
,"/Users/claudia.crisostomo/Documents/elvisp/lokalise-challenge/romaer-app-2/roamer-app/src/redux/reducers.ts": {"path":"/Users/claudia.crisostomo/Documents/elvisp/lokalise-challenge/romaer-app-2/roamer-app/src/redux/reducers.ts","statementMap":{"0":{"start":{"line":5,"column":27},"end":{"line":7,"column":2}}},"fnMap":{},"branchMap":{},"s":{"0":0},"f":{},"b":{}}
,"/Users/claudia.crisostomo/Documents/elvisp/lokalise-challenge/romaer-app-2/roamer-app/src/redux/store.ts": {"path":"/Users/claudia.crisostomo/Documents/elvisp/lokalise-challenge/romaer-app-2/roamer-app/src/redux/store.ts","statementMap":{"0":{"start":{"line":14,"column":30},"end":{"line":33,"column":1}},"1":{"start":{"line":15,"column":19},"end":{"line":15,"column":33}},"2":{"start":{"line":16,"column":29},"end":{"line":16,"column":92}},"3":{"start":{"line":17,"column":23},"end":{"line":17,"column":38}},"4":{"start":{"line":19,"column":27},"end":{"line":19,"column":54}},"5":{"start":{"line":20,"column":18},"end":{"line":26,"column":5}},"6":{"start":{"line":28,"column":4},"end":{"line":30,"column":7}},"7":{"start":{"line":29,"column":8},"end":{"line":29,"column":40}},"8":{"start":{"line":32,"column":4},"end":{"line":32,"column":17}}},"fnMap":{"0":{"name":"(anonymous_0)","decl":{"start":{"line":14,"column":30},"end":{"line":14,"column":31}},"loc":{"start":{"line":14,"column":58},"end":{"line":33,"column":1}},"line":14},"1":{"name":"(anonymous_1)","decl":{"start":{"line":28,"column":20},"end":{"line":28,"column":21}},"loc":{"start":{"line":28,"column":26},"end":{"line":30,"column":5}},"line":28}},"branchMap":{"0":{"loc":{"start":{"line":16,"column":29},"end":{"line":16,"column":92}},"type":"binary-expr","locations":[{"start":{"line":16,"column":29},"end":{"line":16,"column":81}},{"start":{"line":16,"column":85},"end":{"line":16,"column":92}}],"line":16},"1":{"loc":{"start":{"line":19,"column":27},"end":{"line":19,"column":54}},"type":"binary-expr","locations":[{"start":{"line":19,"column":27},"end":{"line":19,"column":38}},{"start":{"line":19,"column":42},"end":{"line":19,"column":54}}],"line":19}},"s":{"0":0,"1":0,"2":0,"3":0,"4":0,"5":0,"6":0,"7":0,"8":0},"f":{"0":0,"1":0},"b":{"0":[0,0],"1":[0,0]}}
,"/Users/claudia.crisostomo/Documents/elvisp/lokalise-challenge/romaer-app-2/roamer-app/src/redux/types.ts": {"path":"/Users/claudia.crisostomo/Documents/elvisp/lokalise-challenge/romaer-app-2/roamer-app/src/redux/types.ts","statementMap":{"0":{"start":{"line":1,"column":27},"end":{"line":1,"column":40}},"1":{"start":{"line":2,"column":29},"end":{"line":2,"column":44}},"2":{"start":{"line":3,"column":34},"end":{"line":3,"column":54}},"3":{"start":{"line":4,"column":31},"end":{"line":4,"column":48}},"4":{"start":{"line":5,"column":33},"end":{"line":5,"column":52}}},"fnMap":{},"branchMap":{},"s":{"0":3,"1":3,"2":3,"3":3,"4":3},"f":{},"b":{},"_coverageSchema":"1a1c01bbd47fc00a2c39e90264f33305004495a9","hash":"db6aac409ea343eab1e31572f1569b3ef7b9cbe9"}
,"/Users/claudia.crisostomo/Documents/elvisp/lokalise-challenge/romaer-app-2/roamer-app/src/redux/app/actions.ts": {"path":"/Users/claudia.crisostomo/Documents/elvisp/lokalise-challenge/romaer-app-2/roamer-app/src/redux/app/actions.ts","statementMap":{"0":{"start":{"line":26,"column":32},"end":{"line":29,"column":2}},"1":{"start":{"line":26,"column":78},"end":{"line":29,"column":1}},"2":{"start":{"line":31,"column":34},"end":{"line":35,"column":2}},"3":{"start":{"line":31,"column":120},"end":{"line":35,"column":1}},"4":{"start":{"line":37,"column":39},"end":{"line":41,"column":2}},"5":{"start":{"line":37,"column":111},"end":{"line":41,"column":1}},"6":{"start":{"line":43,"column":36},"end":{"line":45,"column":2}},"7":{"start":{"line":43,"column":65},"end":{"line":45,"column":1}},"8":{"start":{"line":47,"column":37},"end":{"line":49,"column":2}},"9":{"start":{"line":47,"column":67},"end":{"line":49,"column":1}}},"fnMap":{"0":{"name":"(anonymous_0)","decl":{"start":{"line":26,"column":32},"end":{"line":26,"column":33}},"loc":{"start":{"line":26,"column":78},"end":{"line":29,"column":1}},"line":26},"1":{"name":"(anonymous_1)","decl":{"start":{"line":31,"column":34},"end":{"line":31,"column":35}},"loc":{"start":{"line":31,"column":120},"end":{"line":35,"column":1}},"line":31},"2":{"name":"(anonymous_2)","decl":{"start":{"line":37,"column":39},"end":{"line":37,"column":40}},"loc":{"start":{"line":37,"column":111},"end":{"line":41,"column":1}},"line":37},"3":{"name":"(anonymous_3)","decl":{"start":{"line":43,"column":36},"end":{"line":43,"column":37}},"loc":{"start":{"line":43,"column":65},"end":{"line":45,"column":1}},"line":43},"4":{"name":"(anonymous_4)","decl":{"start":{"line":47,"column":37},"end":{"line":47,"column":38}},"loc":{"start":{"line":47,"column":67},"end":{"line":49,"column":1}},"line":47}},"branchMap":{},"s":{"0":3,"1":0,"2":3,"3":0,"4":3,"5":0,"6":3,"7":0,"8":3,"9":0},"f":{"0":0,"1":0,"2":0,"3":0,"4":0},"b":{},"_coverageSchema":"1a1c01bbd47fc00a2c39e90264f33305004495a9","hash":"d34d929bed3f7cc00a6861547793f7cb47652a63"}
,"/Users/claudia.crisostomo/Documents/elvisp/lokalise-challenge/romaer-app-2/roamer-app/src/redux/app/reducer.ts": {"path":"/Users/claudia.crisostomo/Documents/elvisp/lokalise-challenge/romaer-app-2/roamer-app/src/redux/app/reducer.ts","statementMap":{"0":{"start":{"line":8,"column":26},"end":{"line":61,"column":1}},"1":{"start":{"line":13,"column":4},"end":{"line":60,"column":5}},"2":{"start":{"line":15,"column":29},"end":{"line":15,"column":51}},"3":{"start":{"line":16,"column":23},"end":{"line":16,"column":48}},"4":{"start":{"line":17,"column":28},"end":{"line":21,"column":13}},"5":{"start":{"line":22,"column":12},"end":{"line":22,"column":35}},"6":{"start":{"line":23,"column":12},"end":{"line":26,"column":14}},"7":{"start":{"line":29,"column":29},"end":{"line":29,"column":56}},"8":{"start":{"line":30,"column":26},"end":{"line":30,"column":88}},"9":{"start":{"line":30,"column":56},"end":{"line":30,"column":87}},"10":{"start":{"line":31,"column":12},"end":{"line":31,"column":78}},"11":{"start":{"line":32,"column":12},"end":{"line":35,"column":14}},"12":{"start":{"line":38,"column":29},"end":{"line":38,"column":56}},"13":{"start":{"line":39,"column":26},"end":{"line":39,"column":88}},"14":{"start":{"line":39,"column":56},"end":{"line":39,"column":87}},"15":{"start":{"line":40,"column":12},"end":{"line":40,"column":154}},"16":{"start":{"line":40,"column":113},"end":{"line":40,"column":152}},"17":{"start":{"line":41,"column":12},"end":{"line":44,"column":14}},"18":{"start":{"line":47,"column":12},"end":{"line":50,"column":14}},"19":{"start":{"line":52,"column":12},"end":{"line":55,"column":14}},"20":{"start":{"line":57,"column":12},"end":{"line":59,"column":14}}},"fnMap":{"0":{"name":"(anonymous_0)","decl":{"start":{"line":8,"column":26},"end":{"line":8,"column":27}},"loc":{"start":{"line":11,"column":15},"end":{"line":61,"column":1}},"line":11},"1":{"name":"(anonymous_1)","decl":{"start":{"line":30,"column":45},"end":{"line":30,"column":46}},"loc":{"start":{"line":30,"column":56},"end":{"line":30,"column":87}},"line":30},"2":{"name":"(anonymous_2)","decl":{"start":{"line":39,"column":45},"end":{"line":39,"column":46}},"loc":{"start":{"line":39,"column":56},"end":{"line":39,"column":87}},"line":39},"3":{"name":"(anonymous_3)","decl":{"start":{"line":40,"column":96},"end":{"line":40,"column":97}},"loc":{"start":{"line":40,"column":113},"end":{"line":40,"column":152}},"line":40}},"branchMap":{"0":{"loc":{"start":{"line":9,"column":4},"end":{"line":9,"column":37}},"type":"default-arg","locations":[{"start":{"line":9,"column":22},"end":{"line":9,"column":37}}],"line":9},"1":{"loc":{"start":{"line":13,"column":4},"end":{"line":60,"column":5}},"type":"switch","locations":[{"start":{"line":14,"column":8},"end":{"line":27,"column":9}},{"start":{"line":28,"column":8},"end":{"line":36,"column":9}},{"start":{"line":37,"column":8},"end":{"line":45,"column":9}},{"start":{"line":46,"column":8},"end":{"line":50,"column":14}},{"start":{"line":51,"column":8},"end":{"line":55,"column":14}},{"start":{"line":56,"column":8},"end":{"line":59,"column":14}}],"line":13}},"s":{"0":0,"1":0,"2":0,"3":0,"4":0,"5":0,"6":0,"7":0,"8":0,"9":0,"10":0,"11":0,"12":0,"13":0,"14":0,"15":0,"16":0,"17":0,"18":0,"19":0,"20":0},"f":{"0":0,"1":0,"2":0,"3":0},"b":{"0":[0],"1":[0,0,0,0,0,0]}}
,"/Users/claudia.crisostomo/Documents/elvisp/lokalise-challenge/romaer-app-2/roamer-app/src/redux/app/selectors.ts": {"path":"/Users/claudia.crisostomo/Documents/elvisp/lokalise-challenge/romaer-app-2/roamer-app/src/redux/app/selectors.ts","statementMap":{"0":{"start":{"line":4,"column":26},"end":{"line":4,"column":73}},"1":{"start":{"line":4,"column":57},"end":{"line":4,"column":73}},"2":{"start":{"line":5,"column":24},"end":{"line":5,"column":80}},"3":{"start":{"line":5,"column":62},"end":{"line":5,"column":80}},"4":{"start":{"line":6,"column":25},"end":{"line":6,"column":87}},"5":{"start":{"line":6,"column":63},"end":{"line":6,"column":87}},"6":{"start":{"line":7,"column":28},"end":{"line":7,"column":91}},"7":{"start":{"line":7,"column":69},"end":{"line":7,"column":91}}},"fnMap":{"0":{"name":"(anonymous_0)","decl":{"start":{"line":4,"column":26},"end":{"line":4,"column":27}},"loc":{"start":{"line":4,"column":57},"end":{"line":4,"column":73}},"line":4},"1":{"name":"(anonymous_1)","decl":{"start":{"line":5,"column":24},"end":{"line":5,"column":25}},"loc":{"start":{"line":5,"column":62},"end":{"line":5,"column":80}},"line":5},"2":{"name":"(anonymous_2)","decl":{"start":{"line":6,"column":25},"end":{"line":6,"column":26}},"loc":{"start":{"line":6,"column":63},"end":{"line":6,"column":87}},"line":6},"3":{"name":"(anonymous_3)","decl":{"start":{"line":7,"column":28},"end":{"line":7,"column":29}},"loc":{"start":{"line":7,"column":69},"end":{"line":7,"column":91}},"line":7}},"branchMap":{},"s":{"0":4,"1":4,"2":4,"3":2,"4":4,"5":5,"6":4,"7":20},"f":{"0":4,"1":2,"2":5,"3":20},"b":{},"_coverageSchema":"1a1c01bbd47fc00a2c39e90264f33305004495a9","hash":"591fac3f057d69fa42e60203da1bfe9aef05231a"}
,"/Users/claudia.crisostomo/Documents/elvisp/lokalise-challenge/romaer-app-2/roamer-app/src/utils/useDebouncer.tsx": {"path":"/Users/claudia.crisostomo/Documents/elvisp/lokalise-challenge/romaer-app-2/roamer-app/src/utils/useDebouncer.tsx","statementMap":{"0":{"start":{"line":3,"column":20},"end":{"line":17,"column":1}},"1":{"start":{"line":4,"column":48},"end":{"line":4,"column":63}},"2":{"start":{"line":6,"column":4},"end":{"line":14,"column":23}},"3":{"start":{"line":7,"column":24},"end":{"line":9,"column":17}},"4":{"start":{"line":8,"column":12},"end":{"line":8,"column":37}},"5":{"start":{"line":11,"column":8},"end":{"line":13,"column":10}},"6":{"start":{"line":12,"column":12},"end":{"line":12,"column":34}},"7":{"start":{"line":16,"column":4},"end":{"line":16,"column":26}}},"fnMap":{"0":{"name":"(anonymous_0)","decl":{"start":{"line":3,"column":20},"end":{"line":3,"column":21}},"loc":{"start":{"line":3,"column":64},"end":{"line":17,"column":1}},"line":3},"1":{"name":"(anonymous_1)","decl":{"start":{"line":6,"column":14},"end":{"line":6,"column":15}},"loc":{"start":{"line":6,"column":20},"end":{"line":14,"column":5}},"line":6},"2":{"name":"(anonymous_2)","decl":{"start":{"line":7,"column":35},"end":{"line":7,"column":36}},"loc":{"start":{"line":7,"column":41},"end":{"line":9,"column":9}},"line":7},"3":{"name":"(anonymous_3)","decl":{"start":{"line":11,"column":15},"end":{"line":11,"column":16}},"loc":{"start":{"line":11,"column":27},"end":{"line":13,"column":9}},"line":11}},"branchMap":{},"s":{"0":0,"1":0,"2":0,"3":0,"4":0,"5":0,"6":0,"7":0},"f":{"0":0,"1":0,"2":0,"3":0},"b":{}}
}
