TN:
SF:src/react-app-env.d.ts
FNF:0
FNH:0
LF:0
LH:0
BRF:0
BRH:0
end_of_record
TN:
SF:src/components/app/index.tsx
FN:22,(anonymous_0)
FN:33,(anonymous_1)
FN:40,(anonymous_2)
FNF:3
FNH:3
FNDA:2,(anonymous_0)
FNDA:1,(anonymous_1)
FNDA:2,(anonymous_2)
DA:22,1
DA:23,2
DA:24,2
DA:33,1
DA:40,2
LF:5
LH:5
BRDA:22,0,0,0
BRDA:23,1,0,2
BRDA:23,1,1,2
BRDA:27,2,0,2
BRDA:27,2,1,1
BRF:5
BRH:4
end_of_record
TN:
SF:src/components/badge/index.tsx
FN:11,(anonymous_0)
FNF:1
FNH:1
FNDA:6,(anonymous_0)
DA:11,3
DA:12,6
LF:2
LH:2
BRDA:11,0,0,0
BRF:1
BRH:0
end_of_record
TN:
SF:src/components/button/index.tsx
FN:12,(anonymous_0)
FNF:1
FNH:1
FNDA:23,(anonymous_0)
DA:12,4
DA:13,23
LF:2
LH:2
BRF:0
BRH:0
end_of_record
TN:
SF:src/components/card/index.tsx
FN:25,(anonymous_0)
FN:28,(anonymous_1)
FN:41,(anonymous_2)
FNF:3
FNH:2
FNDA:16,(anonymous_0)
FNDA:0,(anonymous_1)
FNDA:16,(anonymous_2)
DA:25,3
DA:26,16
DA:28,0
DA:41,16
LF:4
LH:3
BRF:0
BRH:0
end_of_record
TN:
SF:src/components/divider/index.tsx
FN:9,(anonymous_0)
FNF:1
FNH:1
FNDA:4,(anonymous_0)
DA:9,3
DA:10,4
LF:2
LH:2
BRF:0
BRH:0
end_of_record
TN:
SF:src/components/icons/icons.tsx
FN:2,(anonymous_0)
FN:9,(anonymous_1)
FN:15,(anonymous_2)
FN:22,(anonymous_3)
FN:29,(anonymous_4)
FN:35,(anonymous_5)
FN:43,(anonymous_6)
FN:52,(anonymous_7)
FNF:8
FNH:8
FNDA:2,(anonymous_0)
FNDA:2,(anonymous_1)
FNDA:2,(anonymous_2)
FNDA:2,(anonymous_3)
FNDA:2,(anonymous_4)
FNDA:2,(anonymous_5)
FNDA:2,(anonymous_6)
FNDA:16,(anonymous_7)
DA:2,4
DA:3,2
DA:9,4
DA:10,2
DA:15,4
DA:16,2
DA:22,4
DA:23,2
DA:29,4
DA:30,2
DA:35,4
DA:36,2
DA:43,4
DA:44,2
DA:52,4
DA:53,16
LF:16
LH:16
BRF:0
BRH:0
end_of_record
TN:
SF:src/components/icons/index.tsx
FN:19,(anonymous_0)
FN:21,(anonymous_1)
FN:25,(anonymous_2)
FNF:3
FNH:3
FNDA:20,(anonymous_0)
FNDA:37,(anonymous_1)
FNDA:37,(anonymous_2)
DA:19,4
DA:20,20
DA:21,37
DA:25,4
DA:26,37
DA:27,3
DA:29,34
DA:30,3
DA:32,31
DA:33,3
DA:35,28
DA:36,3
DA:38,25
DA:39,3
DA:41,22
DA:42,3
DA:44,19
DA:45,3
DA:47,16
DA:48,16
DA:50,0
LF:21
LH:20
BRDA:21,0,0,20
BRDA:21,0,1,19
BRDA:26,1,0,3
BRDA:26,1,1,34
BRDA:29,2,0,3
BRDA:29,2,1,31
BRDA:32,3,0,3
BRDA:32,3,1,28
BRDA:35,4,0,3
BRDA:35,4,1,25
BRDA:38,5,0,3
BRDA:38,5,1,22
BRDA:41,6,0,3
BRDA:41,6,1,19
BRDA:44,7,0,3
BRDA:44,7,1,16
BRDA:47,8,0,16
BRDA:47,8,1,0
BRF:18
BRH:17
end_of_record
TN:
SF:src/components/label/index.tsx
FN:11,(anonymous_0)
FNF:1
FNH:1
FNDA:60,(anonymous_0)
DA:11,4
DA:12,60
LF:2
LH:2
BRF:0
BRH:0
end_of_record
TN:
SF:src/components/language/flags.tsx
FN:1,(anonymous_0)
FN:18,(anonymous_1)
FN:31,(anonymous_2)
FN:44,(anonymous_3)
FNF:4
FNH:4
FNDA:5,(anonymous_0)
FNDA:4,(anonymous_1)
FNDA:4,(anonymous_2)
FNDA:3,(anonymous_3)
DA:1,4
DA:2,5
DA:18,4
DA:19,4
DA:31,4
DA:32,4
DA:44,4
DA:45,3
LF:8
LH:8
BRF:0
BRH:0
end_of_record
TN:
SF:src/components/language/index.tsx
FN:10,(anonymous_0)
FN:19,(anonymous_1)
FNF:2
FNH:2
FNDA:20,(anonymous_0)
FNDA:20,(anonymous_1)
DA:10,4
DA:11,20
DA:19,4
DA:20,20
DA:21,6
DA:23,14
DA:24,5
DA:26,9
DA:27,5
DA:29,4
DA:30,4
DA:32,0
LF:12
LH:11
BRDA:20,0,0,6
BRDA:20,0,1,14
BRDA:23,1,0,5
BRDA:23,1,1,9
BRDA:26,2,0,5
BRDA:26,2,1,4
BRDA:29,3,0,4
BRDA:29,3,1,0
BRF:8
BRH:7
end_of_record
TN:
SF:src/components/menu/index.tsx
FN:29,(anonymous_0)
FN:42,(anonymous_1)
FN:48,(anonymous_2)
FN:54,(anonymous_3)
FN:61,(anonymous_4)
FN:70,(anonymous_5)
FN:73,(anonymous_6)
FN:74,(anonymous_7)
FN:75,(anonymous_8)
FNF:9
FNH:7
FNDA:5,(anonymous_0)
FNDA:0,(anonymous_1)
FNDA:1,(anonymous_2)
FNDA:1,(anonymous_3)
FNDA:5,(anonymous_4)
FNDA:5,(anonymous_5)
FNDA:0,(anonymous_6)
FNDA:1,(anonymous_7)
FNDA:1,(anonymous_8)
DA:29,2
DA:37,5
DA:42,0
DA:48,1
DA:54,1
DA:61,2
DA:62,5
DA:63,5
DA:70,2
DA:72,5
DA:73,0
DA:74,1
DA:75,1
LF:13
LH:11
BRF:0
BRH:0
end_of_record
TN:
SF:src/components/modal/index.tsx
FN:9,(anonymous_0)
FNF:1
FNH:1
FNDA:2,(anonymous_0)
DA:9,3
DA:10,2
LF:2
LH:2
BRF:0
BRH:0
end_of_record
TN:
SF:src/components/progressbar/index.tsx
FN:13,(anonymous_0)
FN:35,(anonymous_1)
FNF:2
FNH:2
FNDA:23,(anonymous_0)
FNDA:23,(anonymous_1)
DA:9,4
DA:10,4
DA:11,4
DA:13,4
DA:14,23
DA:19,23
DA:26,23
DA:35,4
DA:36,23
DA:37,6
DA:39,17
DA:40,9
DA:42,8
DA:43,7
DA:45,1
LF:15
LH:15
BRDA:36,0,0,6
BRDA:36,0,1,17
BRDA:36,1,0,23
BRDA:36,1,1,22
BRDA:39,2,0,9
BRDA:39,2,1,8
BRDA:39,3,0,17
BRDA:39,3,1,16
BRDA:42,4,0,7
BRDA:42,4,1,1
BRDA:42,5,0,8
BRDA:42,5,1,7
BRF:12
BRH:12
end_of_record
TN:
SF:src/components/project/index.tsx
FN:38,(anonymous_0)
FN:56,(anonymous_1)
FN:59,(anonymous_2)
FN:62,(anonymous_3)
FN:78,(anonymous_4)
FN:78,(anonymous_5)
FN:91,(anonymous_6)
FN:106,(anonymous_7)
FN:118,(anonymous_8)
FN:121,(anonymous_9)
FN:122,(anonymous_10)
FNF:11
FNH:5
FNDA:3,(anonymous_0)
FNDA:1,(anonymous_1)
FNDA:0,(anonymous_2)
FNDA:0,(anonymous_3)
FNDA:15,(anonymous_4)
FNDA:0,(anonymous_5)
FNDA:0,(anonymous_6)
FNDA:2,(anonymous_7)
FNDA:2,(anonymous_8)
FNDA:0,(anonymous_9)
FNDA:0,(anonymous_10)
DA:38,2
DA:50,3
DA:51,3
DA:52,3
DA:53,3
DA:54,3
DA:56,3
DA:57,1
DA:59,3
DA:60,0
DA:62,3
DA:63,0
DA:66,0
DA:67,0
DA:69,3
DA:78,15
DA:91,0
DA:106,2
DA:107,2
DA:108,2
DA:118,2
DA:120,2
DA:121,0
DA:122,0
LF:24
LH:17
BRDA:74,0,0,3
BRDA:74,0,1,3
BRDA:78,1,0,3
BRDA:78,1,1,1
BRDA:83,2,0,3
BRDA:83,2,1,1
BRF:6
BRH:6
end_of_record
TN:
SF:src/components/summary/index.tsx
FN:22,(anonymous_0)
FN:43,(anonymous_1)
FN:49,(anonymous_2)
FNF:3
FNH:3
FNDA:2,(anonymous_0)
FNDA:4,(anonymous_1)
FNDA:2,(anonymous_2)
DA:22,2
DA:23,2
DA:24,2
DA:43,4
DA:49,2
LF:5
LH:5
BRDA:43,0,0,2
BRDA:43,0,1,2
BRF:2
BRH:2
end_of_record
TN:
SF:src/redux/appState.ts
FNF:0
FNH:0
LF:0
LH:0
BRF:0
BRH:0
end_of_record
TN:
SF:src/redux/fetch.ts
FN:13,(anonymous_0)
FN:14,(anonymous_1)
FN:30,(anonymous_2)
FN:31,(anonymous_3)
FN:34,(anonymous_4)
FN:60,(anonymous_5)
FN:61,(anonymous_6)
FNF:7
FNH:0
FNDA:0,(anonymous_0)
FNDA:0,(anonymous_1)
FNDA:0,(anonymous_2)
FNDA:0,(anonymous_3)
FNDA:0,(anonymous_4)
FNDA:0,(anonymous_5)
FNDA:0,(anonymous_6)
DA:13,3
DA:14,0
DA:15,0
DA:16,0
DA:30,3
DA:31,0
DA:32,0
DA:33,0
DA:34,0
DA:35,0
DA:44,0
DA:45,0
DA:60,3
DA:61,0
DA:62,0
DA:63,0
LF:16
LH:3
BRDA:33,0,0,0
BRDA:33,0,1,0
BRF:2
BRH:0
end_of_record
TN:
SF:src/redux/initialState.ts
FNF:0
FNH:0
DA:3,5
DA:9,5
DA:33,5
DA:48,5
DA:175,5
DA:184,5
LF:6
LH:6
BRF:0
BRH:0
end_of_record
TN:
SF:src/redux/localStorage.ts
FN:4,(anonymous_0)
FN:14,(anonymous_1)
FNF:2
FNH:0
FNDA:0,(anonymous_0)
FNDA:0,(anonymous_1)
DA:2,0
DA:4,0
DA:5,0
DA:6,0
DA:7,0
DA:9,0
DA:10,0
DA:14,0
DA:15,0
DA:16,0
DA:17,0
DA:19,0
LF:12
LH:0
BRDA:7,0,0,0
BRDA:7,0,1,0
BRF:2
BRH:0
end_of_record
TN:
SF:src/redux/reducers.ts
FNF:0
FNH:0
DA:5,0
LF:1
LH:0
BRF:0
BRH:0
end_of_record
TN:
SF:src/redux/store.ts
FN:14,(anonymous_0)
FN:28,(anonymous_1)
FNF:2
FNH:0
FNDA:0,(anonymous_0)
FNDA:0,(anonymous_1)
DA:14,0
DA:15,0
DA:16,0
DA:17,0
DA:19,0
DA:20,0
DA:28,0
DA:29,0
DA:32,0
LF:9
LH:0
BRDA:16,0,0,0
BRDA:16,0,1,0
BRDA:19,1,0,0
BRDA:19,1,1,0
BRF:4
BRH:0
end_of_record
TN:
SF:src/redux/types.ts
FNF:0
FNH:0
DA:1,3
DA:2,3
DA:3,3
DA:4,3
DA:5,3
LF:5
LH:5
BRF:0
BRH:0
end_of_record
TN:
SF:src/redux/app/actions.ts
FN:26,(anonymous_0)
FN:31,(anonymous_1)
FN:37,(anonymous_2)
FN:43,(anonymous_3)
FN:47,(anonymous_4)
FNF:5
FNH:0
FNDA:0,(anonymous_0)
FNDA:0,(anonymous_1)
FNDA:0,(anonymous_2)
FNDA:0,(anonymous_3)
FNDA:0,(anonymous_4)
DA:26,3
DA:31,3
DA:37,3
DA:43,3
DA:47,3
LF:5
LH:5
BRF:0
BRH:0
end_of_record
TN:
SF:src/redux/app/reducer.ts
FN:8,(anonymous_0)
FN:30,(anonymous_1)
FN:39,(anonymous_2)
FN:40,(anonymous_3)
FNF:4
FNH:0
FNDA:0,(anonymous_0)
FNDA:0,(anonymous_1)
FNDA:0,(anonymous_2)
FNDA:0,(anonymous_3)
DA:8,0
DA:13,0
DA:15,0
DA:16,0
DA:17,0
DA:22,0
DA:23,0
DA:29,0
DA:30,0
DA:31,0
DA:32,0
DA:38,0
DA:39,0
DA:40,0
DA:41,0
DA:47,0
DA:52,0
DA:57,0
LF:18
LH:0
BRDA:9,0,0,0
BRDA:13,1,0,0
BRDA:13,1,1,0
BRDA:13,1,2,0
BRDA:13,1,3,0
BRDA:13,1,4,0
BRDA:13,1,5,0
BRF:7
BRH:0
end_of_record
TN:
SF:src/redux/app/selectors.ts
FN:4,(anonymous_0)
FN:5,(anonymous_1)
FN:6,(anonymous_2)
FN:7,(anonymous_3)
FNF:4
FNH:4
FNDA:4,(anonymous_0)
FNDA:2,(anonymous_1)
FNDA:5,(anonymous_2)
FNDA:20,(anonymous_3)
DA:4,4
DA:5,4
DA:6,5
DA:7,20
LF:4
LH:4
BRF:0
BRH:0
end_of_record
TN:
SF:src/utils/useDebouncer.tsx
FN:3,(anonymous_0)
FN:6,(anonymous_1)
FN:7,(anonymous_2)
FN:11,(anonymous_3)
FNF:4
FNH:0
FNDA:0,(anonymous_0)
FNDA:0,(anonymous_1)
FNDA:0,(anonymous_2)
FNDA:0,(anonymous_3)
DA:3,0
DA:4,0
DA:6,0
DA:7,0
DA:8,0
DA:11,0
DA:12,0
DA:16,0
LF:8
LH:0
BRF:0
BRH:0
end_of_record
